{
  "0 debug pnpm:scope": {
    "selected": 1
  },
  "1 error pnpm": {
    "code": "ELIFECYCLE",
    "errno": "ENOENT",
    "syscall": "spawn",
    "file": "sh",
    "pkgid": "@",
    "stage": "dev",
    "script": "vitepress",
    "err": {
      "name": "pnpm",
      "message": "@ dev: `vitepress`\nspawn ENOENT",
      "code": "ELIFECYCLE",
      "stack": "pnpm: @ dev: `vitepress`\nspawn ENOENT\n    at ChildProcess.<anonymous> (/Users/mengxianrui/.nvm/versions/node/v14.17.3/lib/node_modules/pnpm/dist/pnpm.cjs:92200:22)\n    at ChildProcess.emit (events.js:375:28)\n    at maybeClose (internal/child_process.js:1055:16)\n    at Process.ChildProcess._handle.onexit (internal/child_process.js:288:5)"
    }
  },
  "2 warn pnpm:global": " Local package.json exists, but node_modules missing, did you mean to install?"
}